Using pre-set license

 COMMAND LINE ARGUMENTS:
/Applications/Unity/Hub/Editor/2020.3.0f1/Unity.app/Contents/MacOS/Unity
-adb2
-batchMode
-noUpm
-name
AssetImportWorker0
-projectPath
/Users/fatihyildiz/myUnityProjects/RollABall
-logFile
Logs/AssetImportWorker0.log
-srvPort
49620
Successfully changed project path to: /Users/fatihyildiz/myUnityProjects/RollABall
/Users/fatihyildiz/myUnityProjects/RollABall
Using Asset Import Pipeline V2.
Refreshing native plugins compatible for Editor in 46.49 ms, found 1 plugins.
Preloading 0 native plugins for Editor in 0.00 ms.
Initialize engine version: 2020.3.0f1 (c7b5465681fb)
[Subsystems] Discovering subsystems at path /Applications/Unity/Hub/Editor/2020.3.0f1/Unity.app/Contents/Resources/UnitySubsystems
[Subsystems] Discovering subsystems at path /Users/fatihyildiz/myUnityProjects/RollABall/Assets
GfxDevice: creating device client; threaded=0
2021-03-19 15:15:03.827 Unity[3600:44466] Color LCD preferred device: AMD Radeon Pro 555X (high power)
2021-03-19 15:15:03.827 Unity[3600:44466] Metal devices available: 2
2021-03-19 15:15:03.827 Unity[3600:44466] 0: AMD Radeon Pro 555X (high power)
2021-03-19 15:15:03.827 Unity[3600:44466] 1: Intel(R) UHD Graphics 630 (low power)
2021-03-19 15:15:03.827 Unity[3600:44466] Using device AMD Radeon Pro 555X (high power)
Initializing Metal device caps: AMD Radeon Pro 555X
Initialize mono
Mono path[0] = '/Applications/Unity/Hub/Editor/2020.3.0f1/Unity.app/Contents/Managed'
Mono path[1] = '/Applications/Unity/Hub/Editor/2020.3.0f1/Unity.app/Contents/MonoBleedingEdge/lib/mono/unityjit'
Mono config path = '/Applications/Unity/Hub/Editor/2020.3.0f1/Unity.app/Contents/MonoBleedingEdge/etc'
Using monoOptions --debugger-agent=transport=dt_socket,embedding=1,server=y,suspend=n,address=127.0.0.1:56600
Begin MonoManager ReloadAssembly
Registering precompiled unity dll's ...
Register platform support module: /Applications/Unity/Hub/Editor/2020.3.0f1/Unity.app/Contents/PlaybackEngines/MacStandaloneSupport/UnityEditor.OSXStandalone.Extensions.dll
Registered in 0.000522 seconds.
Native extension for OSXStandalone target not found
Refreshing native plugins compatible for Editor in 42.76 ms, found 1 plugins.
Preloading 0 native plugins for Editor in 0.00 ms.
Invoked RoslynAnalysisRunner static constructor.
RoslynAnalysisRunner will not be running.
RoslynAnalysisRunner has terminated.
Mono: successfully reloaded assembly
- Completed reload, in  2.244 seconds
Platform modules already initialized, skipping
Registering precompiled user dll's ...
Registered in 0.000669 seconds.
Begin MonoManager ReloadAssembly
Native extension for OSXStandalone target not found
Refreshing native plugins compatible for Editor in 43.53 ms, found 1 plugins.
Preloading 0 native plugins for Editor in 0.00 ms.
Invoked RoslynAnalysisRunner static constructor.
RoslynAnalysisRunner will not be running.
RoslynAnalysisRunner has terminated.
Mono: successfully reloaded assembly
- Completed reload, in  1.090 seconds
Platform modules already initialized, skipping
========================================================================
Worker process is ready to serve import requests
Shader 'Universal Render Pipeline/Particles/Lit': fallback shader 'Universal Render Pipeline/Particles/SimpleLit' not found
Shader 'Universal Render Pipeline/Particles/Lit': fallback shader 'Universal Render Pipeline/Particles/SimpleLit' not found
Launching external process: /Applications/Unity/Hub/Editor/2020.3.0f1/Unity.app/Contents/Tools/UnityShaderCompiler
Launched and connected shader compiler UnityShaderCompiler after 0.02 seconds
Refreshing native plugins compatible for Editor in 0.39 ms, found 1 plugins.
Preloading 0 native plugins for Editor in 0.00 ms.
Unloading 2716 Unused Serialized files (Serialized files now loaded: 0)
System memory in use before: 191.2 MB.
System memory in use after: 188.8 MB.

Unloading 47 unused Assets to reduce memory usage. Loaded Objects now: 3126.
Total: 4.123839 ms (FindLiveObjects: 0.521950 ms CreateObjectMapping: 0.166513 ms MarkObjects: 1.898460 ms  DeleteObjects: 1.535588 ms)

========================================================================
Received Import Request.
  path: Assets/Prefabs/PickUp 1.prefab
  artifactKey: Guid(6c0879e531cae42f5a27cd64922e8cfd) Importer(815301076,1909f56bfc062723c751e8b465ee728b)
Start importing Assets/Prefabs/PickUp 1.prefab using Guid(6c0879e531cae42f5a27cd64922e8cfd) Importer(815301076,1909f56bfc062723c751e8b465ee728b)  -> (artifact id: '613b42deaab044870cf161449bcec4f2') in 1.038101 seconds
  Import took 1.044245 seconds .

========================================================================
Received Import Request.
  Time since last request: 6.334276 seconds.
  path: Assets/Prefabs/PickUp.prefab
  artifactKey: Guid(ba13add715976456fb2cd924bc10558c) Importer(815301076,1909f56bfc062723c751e8b465ee728b)
Start importing Assets/Prefabs/PickUp.prefab using Guid(ba13add715976456fb2cd924bc10558c) Importer(815301076,1909f56bfc062723c751e8b465ee728b)  -> (artifact id: '5e91c3a66164ebbcce89d52e989a2c7e') in 0.018020 seconds
  Import took 0.022916 seconds .

========================================================================
Received Import Request.
  Time since last request: 497.140280 seconds.
  path: Assets/Scripts/PlayerController.cs
  artifactKey: Guid(cb2ddd22394a944c8b9a4f2ccba45001) Importer(815301076,1909f56bfc062723c751e8b465ee728b)
Start importing Assets/Scripts/PlayerController.cs using Guid(cb2ddd22394a944c8b9a4f2ccba45001) Importer(815301076,1909f56bfc062723c751e8b465ee728b)  -> (artifact id: '44efb5b54c3220cf4e676a03c25710fa') in 0.349287 seconds
  Import took 0.354061 seconds .

========================================================================
Received Prepare
Registering precompiled user dll's ...
Registered in 0.000987 seconds.
Begin MonoManager ReloadAssembly
Native extension for OSXStandalone target not found
Refreshing native plugins compatible for Editor in 0.48 ms, found 1 plugins.
Preloading 0 native plugins for Editor in 0.00 ms.
Invoked RoslynAnalysisRunner static constructor.
RoslynAnalysisRunner will not be running.
RoslynAnalysisRunner has terminated.
Mono: successfully reloaded assembly
- Completed reload, in  1.200 seconds
Platform modules already initialized, skipping
Shader 'Universal Render Pipeline/Particles/Lit': fallback shader 'Universal Render Pipeline/Particles/SimpleLit' not found
Shader 'Universal Render Pipeline/Particles/Lit': fallback shader 'Universal Render Pipeline/Particles/SimpleLit' not found
Refreshing native plugins compatible for Editor in 0.47 ms, found 1 plugins.
Preloading 0 native plugins for Editor in 0.00 ms.
Unloading 2641 Unused Serialized files (Serialized files now loaded: 0)
System memory in use before: 203.0 MB.
System memory in use after: 200.7 MB.

Unloading 40 unused Assets to reduce memory usage. Loaded Objects now: 3175.
Total: 4.400209 ms (FindLiveObjects: 0.312237 ms CreateObjectMapping: 0.143169 ms MarkObjects: 2.076436 ms  DeleteObjects: 1.866037 ms)

========================================================================
Received Import Request.
  Time since last request: 177.651221 seconds.
  path: Assets/Scripts/PlayerController.cs
  artifactKey: Guid(cb2ddd22394a944c8b9a4f2ccba45001) Importer(815301076,1909f56bfc062723c751e8b465ee728b)
Start importing Assets/Scripts/PlayerController.cs using Guid(cb2ddd22394a944c8b9a4f2ccba45001) Importer(815301076,1909f56bfc062723c751e8b465ee728b)  -> (artifact id: 'd2b0086b8ed12ffa1eb3f0bfdf0cc62a') in 0.005267 seconds
  Import took 0.010209 seconds .

========================================================================
Received Prepare
Registering precompiled user dll's ...
Registered in 0.000851 seconds.
Begin MonoManager ReloadAssembly
Native extension for OSXStandalone target not found
Refreshing native plugins compatible for Editor in 0.40 ms, found 1 plugins.
Preloading 0 native plugins for Editor in 0.00 ms.
Invoked RoslynAnalysisRunner static constructor.
RoslynAnalysisRunner will not be running.
RoslynAnalysisRunner has terminated.
Mono: successfully reloaded assembly
- Completed reload, in  1.104 seconds
Platform modules already initialized, skipping
Shader 'Universal Render Pipeline/Particles/Lit': fallback shader 'Universal Render Pipeline/Particles/SimpleLit' not found
Shader 'Universal Render Pipeline/Particles/Lit': fallback shader 'Universal Render Pipeline/Particles/SimpleLit' not found
Refreshing native plugins compatible for Editor in 0.42 ms, found 1 plugins.
Preloading 0 native plugins for Editor in 0.00 ms.
Unloading 2641 Unused Serialized files (Serialized files now loaded: 0)
System memory in use before: 203.3 MB.
System memory in use after: 201.0 MB.

Unloading 40 unused Assets to reduce memory usage. Loaded Objects now: 3178.
Total: 4.430378 ms (FindLiveObjects: 0.399181 ms CreateObjectMapping: 0.139971 ms MarkObjects: 2.174767 ms  DeleteObjects: 1.715250 ms)

========================================================================
Received Import Request.
  Time since last request: 95.345825 seconds.
  path: ProjectSettings/TagManager.asset
  artifactKey: Guid(00000000000000003000000000000000) Importer(815301076,1909f56bfc062723c751e8b465ee728b)
Start importing ProjectSettings/TagManager.asset using Guid(00000000000000003000000000000000) Importer(815301076,1909f56bfc062723c751e8b465ee728b)  -> (artifact id: '3097013b0a5fc4a46f0781d43793a1bb') in 0.394544 seconds
  Import took 0.399316 seconds .

========================================================================
Received Import Request.
  Time since last request: 20.272175 seconds.
  path: ProjectSettings/TagManager.asset
  artifactKey: Guid(00000000000000003000000000000000) Importer(815301076,1909f56bfc062723c751e8b465ee728b)
Start importing ProjectSettings/TagManager.asset using Guid(00000000000000003000000000000000) Importer(815301076,1909f56bfc062723c751e8b465ee728b)  -> (artifact id: 'f54ed4f7d66d81f718bac1a8349d4bfa') in 0.005416 seconds
  Import took 0.010028 seconds .

========================================================================
Received Import Request.
  Time since last request: 0.000610 seconds.
  path: ProjectSettings/TagManager.asset
  artifactKey: Guid(00000000000000003000000000000000) Importer(815301076,1909f56bfc062723c751e8b465ee728b)
Start importing ProjectSettings/TagManager.asset using Guid(00000000000000003000000000000000) Importer(815301076,1909f56bfc062723c751e8b465ee728b)  -> (artifact id: 'f54ed4f7d66d81f718bac1a8349d4bfa') in 0.005826 seconds
  Import took 0.011008 seconds .

========================================================================
Received Import Request.
  Time since last request: 14.265402 seconds.
  path: Assets/Prefabs/PickUp.prefab
  artifactKey: Guid(ba13add715976456fb2cd924bc10558c) Importer(815301076,1909f56bfc062723c751e8b465ee728b)
Start importing Assets/Prefabs/PickUp.prefab using Guid(ba13add715976456fb2cd924bc10558c) Importer(815301076,1909f56bfc062723c751e8b465ee728b)  -> (artifact id: '76ec1c772ec3b3ae84331d995fc08ef5') in 0.199082 seconds
  Import took 0.205072 seconds .

========================================================================
Received Prepare
Registering precompiled user dll's ...
Registered in 0.000846 seconds.
Begin MonoManager ReloadAssembly
Native extension for OSXStandalone target not found
Refreshing native plugins compatible for Editor in 0.42 ms, found 1 plugins.
Preloading 0 native plugins for Editor in 0.00 ms.
Invoked RoslynAnalysisRunner static constructor.
RoslynAnalysisRunner will not be running.
RoslynAnalysisRunner has terminated.
Mono: successfully reloaded assembly
- Completed reload, in  1.140 seconds
Platform modules already initialized, skipping
Shader 'Universal Render Pipeline/Particles/Lit': fallback shader 'Universal Render Pipeline/Particles/SimpleLit' not found
Shader 'Universal Render Pipeline/Particles/Lit': fallback shader 'Universal Render Pipeline/Particles/SimpleLit' not found
Refreshing native plugins compatible for Editor in 0.43 ms, found 1 plugins.
Preloading 0 native plugins for Editor in 0.00 ms.
Unloading 2641 Unused Serialized files (Serialized files now loaded: 0)
System memory in use before: 208.0 MB.
System memory in use after: 205.7 MB.

Unloading 43 unused Assets to reduce memory usage. Loaded Objects now: 3217.
Total: 5.291907 ms (FindLiveObjects: 0.446592 ms CreateObjectMapping: 0.227013 ms MarkObjects: 2.583283 ms  DeleteObjects: 2.033199 ms)

========================================================================
Received Prepare
Registering precompiled user dll's ...
Registered in 0.001126 seconds.
Begin MonoManager ReloadAssembly
Native extension for OSXStandalone target not found
Refreshing native plugins compatible for Editor in 0.45 ms, found 1 plugins.
Preloading 0 native plugins for Editor in 0.00 ms.
Invoked RoslynAnalysisRunner static constructor.
RoslynAnalysisRunner will not be running.
RoslynAnalysisRunner has terminated.
Mono: successfully reloaded assembly
- Completed reload, in  1.284 seconds
Platform modules already initialized, skipping
Shader 'Universal Render Pipeline/Particles/Lit': fallback shader 'Universal Render Pipeline/Particles/SimpleLit' not found
Shader 'Universal Render Pipeline/Particles/Lit': fallback shader 'Universal Render Pipeline/Particles/SimpleLit' not found
Refreshing native plugins compatible for Editor in 0.45 ms, found 1 plugins.
Preloading 0 native plugins for Editor in 0.00 ms.
Unloading 2641 Unused Serialized files (Serialized files now loaded: 0)
System memory in use before: 208.3 MB.
System memory in use after: 206.0 MB.

Unloading 40 unused Assets to reduce memory usage. Loaded Objects now: 3220.
Total: 4.682317 ms (FindLiveObjects: 0.328270 ms CreateObjectMapping: 0.138679 ms MarkObjects: 2.361070 ms  DeleteObjects: 1.853114 ms)

========================================================================
Received Import Request.
  Time since last request: 255.915375 seconds.
  path: Assets/Scripts/PlayerController.cs
  artifactKey: Guid(cb2ddd22394a944c8b9a4f2ccba45001) Importer(815301076,1909f56bfc062723c751e8b465ee728b)
Start importing Assets/Scripts/PlayerController.cs using Guid(cb2ddd22394a944c8b9a4f2ccba45001) Importer(815301076,1909f56bfc062723c751e8b465ee728b)  -> (artifact id: '84595c9bf91bda27b248443b19233f21') in 0.008199 seconds
  Import took 0.013067 seconds .

========================================================================
Received Import Request.
  Time since last request: 53.899225 seconds.
  path: Assets/Prefabs/PickUp.prefab
  artifactKey: Guid(ba13add715976456fb2cd924bc10558c) Importer(815301076,1909f56bfc062723c751e8b465ee728b)
Start importing Assets/Prefabs/PickUp.prefab using Guid(ba13add715976456fb2cd924bc10558c) Importer(815301076,1909f56bfc062723c751e8b465ee728b)  -> (artifact id: '556d0c5ca4a0665b1ee12ab38a7862bb') in 0.206643 seconds
  Import took 0.212125 seconds .

========================================================================
Received Prepare
Registering precompiled user dll's ...
Registered in 0.000879 seconds.
Begin MonoManager ReloadAssembly
Native extension for OSXStandalone target not found
Refreshing native plugins compatible for Editor in 0.42 ms, found 1 plugins.
Preloading 0 native plugins for Editor in 0.00 ms.
Invoked RoslynAnalysisRunner static constructor.
RoslynAnalysisRunner will not be running.
RoslynAnalysisRunner has terminated.
Mono: successfully reloaded assembly
- Completed reload, in  1.156 seconds
Platform modules already initialized, skipping
Shader 'Universal Render Pipeline/Particles/Lit': fallback shader 'Universal Render Pipeline/Particles/SimpleLit' not found
Shader 'Universal Render Pipeline/Particles/Lit': fallback shader 'Universal Render Pipeline/Particles/SimpleLit' not found
Refreshing native plugins compatible for Editor in 0.39 ms, found 1 plugins.
Preloading 0 native plugins for Editor in 0.00 ms.
Unloading 2641 Unused Serialized files (Serialized files now loaded: 0)
System memory in use before: 208.8 MB.
System memory in use after: 206.5 MB.

Unloading 40 unused Assets to reduce memory usage. Loaded Objects now: 3259.
Total: 5.318143 ms (FindLiveObjects: 0.331587 ms CreateObjectMapping: 0.151180 ms MarkObjects: 2.798984 ms  DeleteObjects: 2.034936 ms)

